2019-10-23 11:42:50.720 [main] INFO  com.imooc.o2o.util.ShortNetAddressUtil - response string: 
2019-10-23 11:42:51.058 [main] INFO  com.imooc.o2o.util.ShortNetAddressUtil - tinyurl: null
2019-10-23 11:43:14.188 [main] INFO  com.imooc.o2o.util.ShortNetAddressUtil - response string: 
2019-10-23 11:43:14.456 [main] INFO  com.imooc.o2o.util.ShortNetAddressUtil - tinyurl: null
2019-10-23 11:43:46.385 [main] INFO  com.imooc.o2o.util.ShortNetAddressUtil - response string: 
2019-10-23 11:43:46.639 [main] INFO  com.imooc.o2o.util.ShortNetAddressUtil - tinyurl: null
2019-10-23 11:44:24.835 [main] INFO  com.imooc.o2o.util.ShortNetAddressUtil - response string: 
2019-10-23 11:44:25.077 [main] INFO  com.imooc.o2o.util.ShortNetAddressUtil - tinyurl: null
2019-10-23 11:45:50.950 [main] INFO  com.imooc.o2o.util.ShortNetAddressUtil - response string: 
2019-10-23 11:45:51.154 [main] INFO  com.imooc.o2o.util.ShortNetAddressUtil - tinyurl: null
2019-10-23 12:34:38.751 [main] INFO  com.imooc.o2o.util.ShortNetAddressUtil - response string: 
2019-10-23 12:34:38.947 [main] INFO  com.imooc.o2o.util.ShortNetAddressUtil - tinyurl: null
2019-10-23 14:48:15.097 [main] INFO  com.imooc.o2o.O2oDemoApplication - Starting O2oDemoApplication on ShawndeMacBook-Pro.local with PID 10924 (/Users/shawn/Document/Develop/SpringBoot_Workspace/o2oDemo/target/classes started by shawn in /Users/shawn/Document/Develop/SpringBoot_Workspace/o2oDemo)
2019-10-23 14:48:15.106 [main] INFO  com.imooc.o2o.O2oDemoApplication - No active profile set, falling back to default profiles: default
2019-10-23 14:48:19.403 [main] INFO  com.imooc.o2o.O2oDemoApplication - Started O2oDemoApplication in 4.952 seconds (JVM running for 5.535)
2019-10-23 15:37:14.448 [main] INFO  com.imooc.o2o.O2oDemoApplication - Starting O2oDemoApplication on ShawndeMacBook-Pro.local with PID 11088 (/Users/shawn/Document/Develop/SpringBoot_Workspace/o2oDemo/target/classes started by shawn in /Users/shawn/Document/Develop/SpringBoot_Workspace/o2oDemo)
2019-10-23 15:37:14.451 [main] INFO  com.imooc.o2o.O2oDemoApplication - No active profile set, falling back to default profiles: default
2019-10-23 15:37:19.470 [main] INFO  com.imooc.o2o.O2oDemoApplication - Started O2oDemoApplication in 5.492 seconds (JVM running for 6.086)
2019-10-23 15:56:16.130 [main] INFO  com.imooc.o2o.O2oDemoApplication - Starting O2oDemoApplication on ShawndeMacBook-Pro.local with PID 11200 (/Users/shawn/Document/Develop/SpringBoot_Workspace/o2oDemo/target/classes started by shawn in /Users/shawn/Document/Develop/SpringBoot_Workspace/o2oDemo)
2019-10-23 15:56:16.135 [main] INFO  com.imooc.o2o.O2oDemoApplication - No active profile set, falling back to default profiles: default
2019-10-23 15:56:22.990 [main] INFO  com.imooc.o2o.O2oDemoApplication - Started O2oDemoApplication in 7.257 seconds (JVM running for 7.926)
2019-10-23 15:57:58.027 [main] INFO  com.imooc.o2o.O2oDemoApplication - Starting O2oDemoApplication on ShawndeMacBook-Pro.local with PID 11206 (/Users/shawn/Document/Develop/SpringBoot_Workspace/o2oDemo/target/classes started by shawn in /Users/shawn/Document/Develop/SpringBoot_Workspace/o2oDemo)
2019-10-23 15:57:58.041 [main] INFO  com.imooc.o2o.O2oDemoApplication - No active profile set, falling back to default profiles: default
2019-10-23 15:58:02.578 [main] INFO  com.imooc.o2o.O2oDemoApplication - Started O2oDemoApplication in 4.87 seconds (JVM running for 5.484)
2019-10-23 16:02:03.228 [main] INFO  com.imooc.o2o.O2oDemoApplication - Starting O2oDemoApplication on ShawndeMacBook-Pro.local with PID 11242 (/Users/shawn/Document/Develop/SpringBoot_Workspace/o2oDemo/target/classes started by shawn in /Users/shawn/Document/Develop/SpringBoot_Workspace/o2oDemo)
2019-10-23 16:02:03.232 [main] INFO  com.imooc.o2o.O2oDemoApplication - No active profile set, falling back to default profiles: default
2019-10-23 16:02:08.032 [main] INFO  com.imooc.o2o.O2oDemoApplication - Started O2oDemoApplication in 5.297 seconds (JVM running for 5.88)
2019-10-23 16:29:48.543 [main] INFO  com.imooc.o2o.O2oDemoApplication - Starting O2oDemoApplication on ShawndeMacBook-Pro.local with PID 11363 (/Users/shawn/Document/Develop/SpringBoot_Workspace/o2oDemo/target/classes started by shawn in /Users/shawn/Document/Develop/SpringBoot_Workspace/o2oDemo)
2019-10-23 16:29:48.546 [main] INFO  com.imooc.o2o.O2oDemoApplication - No active profile set, falling back to default profiles: default
2019-10-23 16:30:11.810 [main] INFO  com.imooc.o2o.O2oDemoApplication - Starting O2oDemoApplication on ShawndeMacBook-Pro.local with PID 11371 (/Users/shawn/Document/Develop/SpringBoot_Workspace/o2oDemo/target/classes started by shawn in /Users/shawn/Document/Develop/SpringBoot_Workspace/o2oDemo)
2019-10-23 16:30:11.813 [main] INFO  com.imooc.o2o.O2oDemoApplication - No active profile set, falling back to default profiles: default
2019-10-23 16:30:16.382 [main] INFO  com.imooc.o2o.O2oDemoApplication - Started O2oDemoApplication in 4.934 seconds (JVM running for 5.605)
2019-10-23 16:41:49.742 [main] INFO  com.imooc.o2o.O2oDemoApplication - Starting O2oDemoApplication on ShawndeMacBook-Pro.local with PID 11447 (/Users/shawn/Document/Develop/SpringBoot_Workspace/o2oDemo/target/classes started by shawn in /Users/shawn/Document/Develop/SpringBoot_Workspace/o2oDemo)
2019-10-23 16:41:49.745 [main] INFO  com.imooc.o2o.O2oDemoApplication - No active profile set, falling back to default profiles: default
2019-10-23 16:41:54.419 [main] INFO  com.imooc.o2o.O2oDemoApplication - Started O2oDemoApplication in 5.242 seconds (JVM running for 5.88)
2019-10-23 16:43:23.342 [main] INFO  com.imooc.o2o.O2oDemoApplication - Starting O2oDemoApplication on ShawndeMacBook-Pro.local with PID 11464 (/Users/shawn/Document/Develop/SpringBoot_Workspace/o2oDemo/target/classes started by shawn in /Users/shawn/Document/Develop/SpringBoot_Workspace/o2oDemo)
2019-10-23 16:43:23.346 [main] INFO  com.imooc.o2o.O2oDemoApplication - No active profile set, falling back to default profiles: default
2019-10-23 16:43:27.897 [main] INFO  com.imooc.o2o.O2oDemoApplication - Started O2oDemoApplication in 4.892 seconds (JVM running for 5.495)
2019-10-23 16:44:56.189 [main] INFO  com.imooc.o2o.O2oDemoApplication - Starting O2oDemoApplication on ShawndeMacBook-Pro.local with PID 11474 (/Users/shawn/Document/Develop/SpringBoot_Workspace/o2oDemo/target/classes started by shawn in /Users/shawn/Document/Develop/SpringBoot_Workspace/o2oDemo)
2019-10-23 16:44:56.193 [main] INFO  com.imooc.o2o.O2oDemoApplication - No active profile set, falling back to default profiles: default
2019-10-23 16:45:00.923 [main] INFO  com.imooc.o2o.O2oDemoApplication - Started O2oDemoApplication in 5.213 seconds (JVM running for 5.835)
2019-10-23 16:53:46.499 [main] INFO  com.imooc.o2o.O2oDemoApplication - Starting O2oDemoApplication on ShawndeMacBook-Pro.local with PID 11491 (/Users/shawn/Document/Develop/SpringBoot_Workspace/o2oDemo/target/classes started by shawn in /Users/shawn/Document/Develop/SpringBoot_Workspace/o2oDemo)
2019-10-23 16:53:46.503 [main] INFO  com.imooc.o2o.O2oDemoApplication - No active profile set, falling back to default profiles: default
2019-10-23 17:07:17.223 [main] INFO  com.imooc.o2o.O2oDemoApplication - Starting O2oDemoApplication on ShawndeMacBook-Pro.local with PID 11527 (/Users/shawn/Document/Develop/SpringBoot_Workspace/o2oDemo/target/classes started by shawn in /Users/shawn/Document/Develop/SpringBoot_Workspace/o2oDemo)
2019-10-23 17:07:17.227 [main] INFO  com.imooc.o2o.O2oDemoApplication - No active profile set, falling back to default profiles: default
2019-10-23 17:07:22.317 [main] INFO  com.imooc.o2o.O2oDemoApplication - Started O2oDemoApplication in 5.665 seconds (JVM running for 6.273)
2019-10-23 17:23:09.702 [main] INFO  com.imooc.o2o.O2oDemoApplication - Starting O2oDemoApplication on ShawndeMacBook-Pro.local with PID 11614 (/Users/shawn/Document/Develop/SpringBoot_Workspace/o2oDemo/target/classes started by shawn in /Users/shawn/Document/Develop/SpringBoot_Workspace/o2oDemo)
2019-10-23 17:23:09.707 [main] INFO  com.imooc.o2o.O2oDemoApplication - No active profile set, falling back to default profiles: default
2019-10-23 17:23:14.695 [main] INFO  com.imooc.o2o.O2oDemoApplication - Started O2oDemoApplication in 5.354 seconds (JVM running for 6.026)
2019-10-23 17:31:22.212 [main] INFO  com.imooc.o2o.O2oDemoApplication - Starting O2oDemoApplication on ShawndeMacBook-Pro.local with PID 11662 (/Users/shawn/Document/Develop/SpringBoot_Workspace/o2oDemo/target/classes started by shawn in /Users/shawn/Document/Develop/SpringBoot_Workspace/o2oDemo)
2019-10-23 17:31:22.216 [main] INFO  com.imooc.o2o.O2oDemoApplication - No active profile set, falling back to default profiles: default
2019-10-23 17:31:30.694 [main] INFO  com.imooc.o2o.O2oDemoApplication - Started O2oDemoApplication in 8.983 seconds (JVM running for 9.551)
2019-10-23 17:46:56.761 [main] INFO  com.imooc.o2o.O2oDemoApplication - Starting O2oDemoApplication on ShawndeMacBook-Pro.local with PID 11723 (/Users/shawn/Document/Develop/SpringBoot_Workspace/o2oDemo/target/classes started by shawn in /Users/shawn/Document/Develop/SpringBoot_Workspace/o2oDemo)
2019-10-23 17:46:56.769 [main] INFO  com.imooc.o2o.O2oDemoApplication - No active profile set, falling back to default profiles: default
2019-10-23 17:51:03.307 [main] INFO  com.imooc.o2o.O2oDemoApplication - Starting O2oDemoApplication on ShawndeMacBook-Pro.local with PID 11751 (/Users/shawn/Document/Develop/SpringBoot_Workspace/o2oDemo/target/classes started by shawn in /Users/shawn/Document/Develop/SpringBoot_Workspace/o2oDemo)
2019-10-23 17:51:03.324 [main] INFO  com.imooc.o2o.O2oDemoApplication - No active profile set, falling back to default profiles: default
